<?xml version="1.0" encoding="UTF-8"?>
<testng-results ignored="0" total="2" passed="2" failed="0" skipped="0">
  <reporter-output>
  </reporter-output>
  <suite started-at="2025-07-05T13:58:15 IST" name="Default suite" finished-at="2025-07-05T13:58:29 IST" duration-ms="13553">
    <groups>
    </groups>
    <test started-at="2025-07-05T13:58:15 IST" name="Default test" finished-at="2025-07-05T13:58:29 IST" duration-ms="13553">
      <class name="firstproject.LoginPage">
        <test-method is-config="true" signature="setUp()[pri:0, instance:firstproject.LoginPage@76494737]" started-at="2025-07-05T13:58:15 IST" name="setUp" finished-at="2025-07-05T13:58:24 IST" duration-ms="8765" status="PASS">
          <reporter-output>
          </reporter-output>
        </test-method> <!-- setUp -->
        <test-method is-config="true" signature="setUp()[pri:0, instance:firstproject.LoginPage@76494737]" started-at="2025-07-05T13:58:15 IST" name="setUp" finished-at="2025-07-05T13:58:24 IST" duration-ms="8438" status="PASS">
          <reporter-output>
          </reporter-output>
        </test-method> <!-- setUp -->
        <test-method signature="testLogin(java.lang.String,java.lang.String)[pri:0, instance:firstproject.LoginPage@76494737]" started-at="2025-07-05T13:58:24 IST" name="testLogin" data-provider="loginData" finished-at="2025-07-05T13:58:27 IST" duration-ms="3188" status="PASS">
          <params>
            <param index="0">
              <value>
                <![CDATA[standard_user]]>
              </value>
            </param>
            <param index="1">
              <value>
                <![CDATA[secret_sauce]]>
              </value>
            </param>
          </params>
          <reporter-output>
          </reporter-output>
        </test-method> <!-- testLogin -->
        <test-method signature="testLogin(java.lang.String,java.lang.String)[pri:0, instance:firstproject.LoginPage@76494737]" started-at="2025-07-05T13:58:24 IST" name="testLogin" data-provider="loginData" finished-at="2025-07-05T13:58:27 IST" duration-ms="2863" status="PASS">
          <params>
            <param index="0">
              <value>
                <![CDATA[visual_user]]>
              </value>
            </param>
            <param index="1">
              <value>
                <![CDATA[secret_sauce]]>
              </value>
            </param>
          </params>
          <reporter-output>
          </reporter-output>
        </test-method> <!-- testLogin -->
        <test-method is-config="true" signature="tearDown()[pri:0, instance:firstproject.LoginPage@76494737]" started-at="2025-07-05T13:58:27 IST" name="tearDown" finished-at="2025-07-05T13:58:28 IST" duration-ms="1509" status="PASS">
          <reporter-output>
          </reporter-output>
        </test-method> <!-- tearDown -->
        <test-method is-config="true" signature="tearDown()[pri:0, instance:firstproject.LoginPage@76494737]" started-at="2025-07-05T13:58:27 IST" name="tearDown" finished-at="2025-07-05T13:58:29 IST" duration-ms="1795" status="PASS">
          <reporter-output>
          </reporter-output>
        </test-method> <!-- tearDown -->
      </class> <!-- firstproject.LoginPage -->
    </test> <!-- Default test -->
  </suite> <!-- Default suite -->
</testng-results>
